
ROM used: 1088 (13%)
          1088 (13%) including unused fragments

          2 Average locations per line
          22 Average locations per statement

RAM used: 35 (10%) at main() level
          60 (16%) worst case

Stack used: 3 worst case (out of 8 total available)

Lines Stmts  %   Files
----- ----- ---  -----
   89    49 100  LM35 display on 7 segments.c
  411     0   0  C:\Program Files (x86)\PICC\devices\16f887.h
----- -----
  500    49 Total

Page ROM  %  RAM   Vol Diff  Functions:
---- --- --- ---   --- ----  ----------
 Inline        1             @delay_ms1
0     68   6   0   223  3.8  nhan_dl
0     66   6  13             @DIV3232
0    134  12  12             @PRINTF_L32D_2400_62_63
0    575  53   5   549  5.6  doc_nd
 Inline        5             @SDTOF
 Inline       14             @DIVFF
 Inline        5             @FTOSD
0    109  10  14             @DIVS3232
0    132  12   0   323  3.7  MAIN

Program metrics:
    Functions               3
    Statements              49
    Comments                84
    Volume (V)              1421
    Difficilty (D)          12.3
    Effort to implement (E) 17483
    Time to implement (T)   16 minutes
    Est Delivered Bugs (B)  0
    Cyclomatic Complexity   8
    Maintainability (MI)    140

 Segment     Used  Free
-----------  ----  ----
00000-00003     4  0  
00004-007FF  1084  960  
00800-00FFF     0  2048  
01000-017FF     0  2048  
01800-01FFF     0  2048  



